<?xml version="1.0" encoding="UTF-8"?>
<!-- Generated by org.testng.reporters.JUnitReportReporter -->
<testsuite hostname="Vikas" name="Academy.Navigationbartitlevalidation" tests="1" failures="0" timestamp="22 Oct 2018 02:34:55 GMT" time="0.546" errors="0">
  <testcase name="Validatenavigation" time="0.546" classname="Academy.Navigationbartitlevalidation"/>
</testsuite> <!-- Academy.Navigationbartitlevalidation -->
