<?xml version="1.0" encoding="UTF-8"?>
<!-- Generated by org.testng.reporters.JUnitReportReporter -->
<testsuite hostname="Vikas" name="Academy.Loginpage" tests="1" failures="0" timestamp="21 Oct 2018 23:20:15 GMT" time="12.711" errors="0">
  <testcase name="getlogin" time="12.711" classname="Academy.Loginpage"/>
</testsuite> <!-- Academy.Loginpage -->
