<?xml version="1.0" encoding="UTF-8"?>
<!-- Generated by org.testng.reporters.JUnitReportReporter -->
<testsuite hostname="Vikas" name="Academy.Loginpage" tests="1" failures="0" timestamp="22 Oct 2018 01:36:05 GMT" time="41.179" errors="0">
  <testcase name="getlogin" time="41.179" classname="Academy.Loginpage"/>
</testsuite> <!-- Academy.Loginpage -->
